<?xml version="1.0" encoding="UTF-8"?>
<!-- Generated by org.testng.reporters.JUnitReportReporter -->
<testsuite hostname="bashudevs-MBP" failures="0" tests="1" name="mySeleniumLearning.OpeningBrowsers" time="24.814" errors="0" timestamp="2022-07-31T17:52:56 CDT" skipped="0">
  <testcase classname="mySeleniumLearning.OpeningBrowsers" name="testGoogle" time="24.814"/>
  <system-out/>
</testsuite> <!-- mySeleniumLearning.OpeningBrowsers -->
